terminate called after throwing an instance of 'No Name Selected. Default is: steven-P35V4
ros::InvalidNameException'
  what():  Character [-] at element [6] is not valid in Graph Resource Name [steven-P35V4_BASE2CAM].  Valid characters are a-z, A-Z, 0-9, / and _.
terminate called after throwing an instance of 'ros::InvalidNameException'
  what():  Character [-] at element [6] is not valid in Graph Resource Name [steven-P35V4_MOBILITY].  Valid characters are a-z, A-Z, 0-9, / and _.
terminate called after throwing an instance of 'ros::InvalidNameException'
  what():  Character [-] at element [7] is not valid in Graph Resource Name [/steven-P35V4/camera/camera_info].  Valid characters are a-z, A-Z, 0-9, / and _.
terminate called after throwing an instance of 'ros::InvalidNameException'
  what():  Character [-] at element [7] is not valid in Graph Resource Name [/steven-P35V4_CAMERA/image_raw].  Valid characters are a-z, A-Z, 0-9, / and _.
No name selected. Default is: steven-P35V4
terminate called after throwing an instance of 'ros::InvalidNameException'
  what():  Character [-] at element [6] is not valid in Graph Resource Name [steven-P35V4_OBSTACLE].  Valid characters are a-z, A-Z, 0-9, / and _.
terminate called after throwing an instance of 'ros::InvalidNameException'
  what():  Character [-] at element [7] is not valid in Graph Resource Name [/steven-P35V4/fix].  Valid characters are a-z, A-Z, 0-9, / and _.
terminate called after throwing an instance of 'ros::InvalidNameException'
  what():  Character [-] at element [7] is not valid in Graph Resource Name [/steven-P35V4/odom/filtered].  Valid characters are a-z, A-Z, 0-9, / and _.
terminate called after throwing an instance of 'ros::InvalidNameException'
  what():  Character [-] at element [7] is not valid in Graph Resource Name [/steven-P35V4/odom/ekf].  Valid characters are a-z, A-Z, 0-9, / and _.
No Name Selected. Default is: steven-P35V4
terminate called after throwing an instance of 'ros::InvalidNameException'
  what():  Character [-] at element [6] is not valid in Graph Resource Name [steven-P35V4_DIAGNOSTICS].  Valid characters are a-z, A-Z, 0-9, / and _.
No name selected. Default is: steven-P35V4
terminate called after throwing an instance of 'ros::InvalidNameException'
  what():  Character [-] at element [6] is not valid in Graph Resource Name [steven-P35V4_OBSTACLE].  Valid characters are a-z, A-Z, 0-9, / and _.
terminate called after throwing an instance of 'ros::InvalidNameException'
  what():  Character [-] at element [7] is not valid in Graph Resource Name [/steven-P35V4_CAMERA/image_raw].  Valid characters are a-z, A-Z, 0-9, / and _.
terminate called after throwing an instance of 'ros::InvalidNameException'
  what():  Character [-] at element [6] is not valid in Graph Resource Name [steven-P35V4_BASE2CAM].  Valid characters are a-z, A-Z, 0-9, / and _.
No Name Selected. Default is: steven-P35V4
terminate called after throwing an instance of 'ros::InvalidNameException'
  what():  Character [-] at element [6] is not valid in Graph Resource Name [steven-P35V4_MOBILITY].  Valid characters are a-z, A-Z, 0-9, / and _.
terminate called after throwing an instance of 'ros::InvalidNameException'
  what():  Character [-] at element [7] is not valid in Graph Resource Name [/steven-P35V4/camera/camera_info].  Valid characters are a-z, A-Z, 0-9, / and _.
terminate called after throwing an instance of 'ros::InvalidNameException'
  what():  Character [-] at element [7] is not valid in Graph Resource Name [/steven-P35V4/fix].  Valid characters are a-z, A-Z, 0-9, / and _.
terminate called after throwing an instance of 'ros::InvalidNameException'
  what():  Character [-] at element [7] is not valid in Graph Resource Name [/steven-P35V4/odom/filtered].  Valid characters are a-z, A-Z, 0-9, / and _.
terminate called after throwing an instance of 'ros::InvalidNameException'
  what():  Character [-] at element [7] is not valid in Graph Resource Name [/steven-P35V4/odom/ekf].  Valid characters are a-z, A-Z, 0-9, / and _.
No Name Selected. Default is: steven-P35V4
terminate called after throwing an instance of 'ros::InvalidNameException'
  what():  Character [-] at element [6] is not valid in Graph Resource Name [steven-P35V4_DIAGNOSTICS].  Valid characters are a-z, A-Z, 0-9, / and _.
No name selected. Default is: steven-P35V4
terminate called after throwing an instance of 'ros::InvalidNameException'
  what():  Character [-] at element [6] is not valid in Graph Resource Name [steven-P35V4_OBSTACLE].  Valid characters are a-z, A-Z, 0-9, / and _.
No Name Selected. Default is: steven-P35V4
terminate called after throwing an instance of 'ros::InvalidNameException'
  what():  Character [-] at element [6] is not valid in Graph Resource Name [steven-P35V4_MOBILITY].  Valid characters are a-z, A-Z, 0-9, / and _.
terminate called after throwing an instance of 'ros::InvalidNameException'
  what():  Character [-] at element [7] is not valid in Graph Resource Name [/steven-P35V4_CAMERA/image_raw].  Valid characters are a-z, A-Z, 0-9, / and _.
terminate called after throwing an instance of 'ros::InvalidNameException'
  what():  Character [-] at element [6] is not valid in Graph Resource Name [steven-P35V4_BASE2CAM].  Valid characters are a-z, A-Z, 0-9, / and _.
terminate called after throwing an instance of 'ros::InvalidNameException'
  what():  Character [-] at element [7] is not valid in Graph Resource Name [/steven-P35V4/camera/camera_info].  Valid characters are a-z, A-Z, 0-9, / and _.
terminate called after throwing an instance of 'ros::InvalidNameException'
  what():  Character [-] at element [7] is not valid in Graph Resource Name [/steven-P35V4/fix].  Valid characters are a-z, A-Z, 0-9, / and _.
terminate called after throwing an instance of 'ros::InvalidNameException'
  what():  Character [-] at element [7] is not valid in Graph Resource Name [/steven-P35V4/odom/filtered].  Valid characters are a-z, A-Z, 0-9, / and _.
terminate called after throwing an instance of 'ros::InvalidNameException'
  what():  Character [-] at element [7] is not valid in Graph Resource Name [/steven-P35V4/odom/ekf].  Valid characters are a-z, A-Z, 0-9, / and _.
No Name Selected. Default is: steven-P35V4
terminate called after throwing an instance of 'ros::InvalidNameException'
  what():  Character [-] at element [6] is not valid in Graph Resource Name [steven-P35V4_DIAGNOSTICS].  Valid characters are a-z, A-Z, 0-9, / and _.
No Name Selected. Default is: steven-P35V4
No name selected. Default is: steven-P35V4
terminate called after throwing an instance of 'ros::InvalidNameException'
  what():  Character [-] at element [6] is not valid in Graph Resource Name [steven-P35V4_BASE2CAM].  Valid characters are a-z, A-Z, 0-9, / and _.
terminate called after throwing an instance of 'terminate called after throwing an instance of 'ros::InvalidNameExceptionros::InvalidNameException'
'
  what():    what():  Character [-] at element [6] is not valid in Graph Resource Name [steven-P35V4_OBSTACLE].  Valid characters are a-z, A-Z, 0-9, / and _.Character [-] at element [6] is not valid in Graph Resource Name [steven-P35V4_MOBILITY].  Valid characters are a-z, A-Z, 0-9, / and _.

terminate called after throwing an instance of 'ros::InvalidNameException'
  what():  Character [-] at element [7] is not valid in Graph Resource Name [/steven-P35V4_CAMERA/image_raw].  Valid characters are a-z, A-Z, 0-9, / and _.
terminate called after throwing an instance of 'ros::InvalidNameException'
  what():  Character [-] at element [7] is not valid in Graph Resource Name [/steven-P35V4/camera/camera_info].  Valid characters are a-z, A-Z, 0-9, / and _.
terminate called after throwing an instance of 'ros::InvalidNameException'
  what():  Character [-] at element [7] is not valid in Graph Resource Name [/steven-P35V4/fix].  Valid characters are a-z, A-Z, 0-9, / and _.
terminate called after throwing an instance of 'ros::InvalidNameException'
  what():  Character [-] at element [7] is not valid in Graph Resource Name [/steven-P35V4/odom/filtered].  Valid characters are a-z, A-Z, 0-9, / and _.
terminate called after throwing an instance of 'ros::InvalidNameException'
  what():  Character [-] at element [7] is not valid in Graph Resource Name [/steven-P35V4/odom/ekf].  Valid characters are a-z, A-Z, 0-9, / and _.
No Name Selected. Default is: steven-P35V4
terminate called after throwing an instance of 'ros::InvalidNameException'
  what():  Character [-] at element [6] is not valid in Graph Resource Name [steven-P35V4_DIAGNOSTICS].  Valid characters are a-z, A-Z, 0-9, / and _.
