Determining if the pthread_create exist failed with the following output:
Change Dir: /home/steven/rover_workspace/build/sbridge/CMakeFiles/CMakeTmp

Run Build Command:/usr/bin/make "cmTryCompileExec1815316937/fast"
/usr/bin/make -f CMakeFiles/cmTryCompileExec1815316937.dir/build.make CMakeFiles/cmTryCompileExec1815316937.dir/build
make[1]: Entering directory `/home/steven/rover_workspace/build/sbridge/CMakeFiles/CMakeTmp'
/usr/bin/cmake -E cmake_progress_report /home/steven/rover_workspace/build/sbridge/CMakeFiles/CMakeTmp/CMakeFiles 1
Building C object CMakeFiles/cmTryCompileExec1815316937.dir/CheckSymbolExists.c.o
/usr/bin/cc    -o CMakeFiles/cmTryCompileExec1815316937.dir/CheckSymbolExists.c.o   -c /home/steven/rover_workspace/build/sbridge/CMakeFiles/CMakeTmp/CheckSymbolExists.c
Linking C executable cmTryCompileExec1815316937
/usr/bin/cmake -E cmake_link_script CMakeFiles/cmTryCompileExec1815316937.dir/link.txt --verbose=1
/usr/bin/cc       CMakeFiles/cmTryCompileExec1815316937.dir/CheckSymbolExists.c.o  -o cmTryCompileExec1815316937 -rdynamic 
CMakeFiles/cmTryCompileExec1815316937.dir/CheckSymbolExists.c.o: In function `main':
CheckSymbolExists.c:(.text+0x16): undefined reference to `pthread_create'
collect2: error: ld returned 1 exit status
make[1]: Leaving directory `/home/steven/rover_workspace/build/sbridge/CMakeFiles/CMakeTmp'
make[1]: *** [cmTryCompileExec1815316937] Error 1
make: *** [cmTryCompileExec1815316937/fast] Error 2

File /home/steven/rover_workspace/build/sbridge/CMakeFiles/CMakeTmp/CheckSymbolExists.c:
/* */
#include <pthread.h>

int main(int argc, char** argv)
{
  (void)argv;
#ifndef pthread_create
  return ((int*)(&pthread_create))[argc];
#else
  (void)argc;
  return 0;
#endif
}

Determining if the function pthread_create exists in the pthreads failed with the following output:
Change Dir: /home/steven/rover_workspace/build/sbridge/CMakeFiles/CMakeTmp

Run Build Command:/usr/bin/make "cmTryCompileExec1077413846/fast"
/usr/bin/make -f CMakeFiles/cmTryCompileExec1077413846.dir/build.make CMakeFiles/cmTryCompileExec1077413846.dir/build
make[1]: Entering directory `/home/steven/rover_workspace/build/sbridge/CMakeFiles/CMakeTmp'
/usr/bin/cmake -E cmake_progress_report /home/steven/rover_workspace/build/sbridge/CMakeFiles/CMakeTmp/CMakeFiles 1
Building C object CMakeFiles/cmTryCompileExec1077413846.dir/CheckFunctionExists.c.o
/usr/bin/cc   -DCHECK_FUNCTION_EXISTS=pthread_create   -o CMakeFiles/cmTryCompileExec1077413846.dir/CheckFunctionExists.c.o   -c /usr/share/cmake-2.8/Modules/CheckFunctionExists.c
Linking C executable cmTryCompileExec1077413846
/usr/bin/cmake -E cmake_link_script CMakeFiles/cmTryCompileExec1077413846.dir/link.txt --verbose=1
/usr/bin/cc   -DCHECK_FUNCTION_EXISTS=pthread_create    CMakeFiles/cmTryCompileExec1077413846.dir/CheckFunctionExists.c.o  -o cmTryCompileExec1077413846 -rdynamic -lpthreads 
/usr/bin/ld: cannot find -lpthreads
collect2: error: ld returned 1 exit status
make[1]: *** [cmTryCompileExec1077413846] Error 1
make[1]: Leaving directory `/home/steven/rover_workspace/build/sbridge/CMakeFiles/CMakeTmp'
make: *** [cmTryCompileExec1077413846/fast] Error 2


