[  0%] [  0%] [  0%] [  0%] Built target roscpp_generate_messages_lisp
Built target roscpp_generate_messages_py
Built target geometry_msgs_generate_messages_py
Built target tf2_msgs_generate_messages_lisp
[  0%] [  0%] [  0%] Built target rosgraph_msgs_generate_messages_lisp
Built target sensor_msgs_generate_messages_cpp
Built target tf_generate_messages_cpp
[  0%] [  0%] Built target actionlib_generate_messages_cpp
Built target geometry_msgs_generate_messages_lisp
[  0%] [  0%] Built target geometry_msgs_generate_messages_cpp
Built target roscpp_generate_messages_cpp
[  0%] [  0%] [  0%] Built target actionlib_msgs_generate_messages_cpp
Built target std_msgs_generate_messages_py
Built target actionlib_generate_messages_lisp
[  0%] [  0%] [  0%] [  0%] Built target tf2_msgs_generate_messages_py
Built target actionlib_msgs_generate_messages_py
Built target rosgraph_msgs_generate_messages_py
[  0%] [  0%] Built target actionlib_msgs_generate_messages_lisp
Built target tf_generate_messages_lisp
Built target sensor_msgs_generate_messages_py
[  0%] Built target actionlib_generate_messages_py
[  0%] Built target rosgraph_msgs_generate_messages_cpp
[  0%] Built target tf_generate_messages_py
[  0%] [  0%] [  0%] Built target std_msgs_generate_messages_lisp
Built target tf2_msgs_generate_messages_cpp
Built target std_msgs_generate_messages_cpp
[  0%] Built target sensor_msgs_generate_messages_lisp
[35m[1mScanning dependencies of target mobility
[0m[ 25%] [32mBuilding CXX object CMakeFiles/mobility.dir/src/mobility.cpp.o
[0m[31m[1mLinking CXX executable /home/steven/rover_workspace/devel/lib/mobility/mobility
[0m[100%] Built target mobility
