In file included from /home/steven/rover_workspace/src/mobility/src/mobility.cpp:22:0:
/home/steven/rover_workspace/src/mobility/src/PickUpController.h:37:30: warning: non-static data member initializers only available with -std=c++11 or -std=gnu++11 [enabled by default]
 const float FINGERS_CLOSED = 0;
                              ^
/home/steven/rover_workspace/src/mobility/src/PickUpController.h:38:24: warning: non-static data member initializers only available with -std=c++11 or -std=gnu++11 [enabled by default]
 const float WRIST_UP = 0;
                        ^
/home/steven/rover_workspace/src/mobility/src/PickUpController.h:39:26: warning: non-static data member initializers only available with -std=c++11 or -std=gnu++11 [enabled by default]
 const float WRIST_DOWN = 1.25;
                          ^
In file included from /home/steven/rover_workspace/src/mobility/src/mobility.cpp:23:0:
/home/steven/rover_workspace/src/mobility/src/DropOffController.h:36:30: warning: non-static data member initializers only available with -std=c++11 or -std=gnu++11 [enabled by default]
 const float FINGERS_CLOSED = 0;
                              ^
/home/steven/rover_workspace/src/mobility/src/DropOffController.h:37:24: warning: non-static data member initializers only available with -std=c++11 or -std=gnu++11 [enabled by default]
 const float WRIST_UP = 0;
                        ^
/home/steven/rover_workspace/src/mobility/src/DropOffController.h:38:26: warning: non-static data member initializers only available with -std=c++11 or -std=gnu++11 [enabled by default]
 const float WRIST_DOWN = 1.25;
                          ^
