[  0%] [  0%] [  0%] Built target nodelet_generate_messages_lisp
Built target ublox_msgs_generate_messages_py
Built target rosgraph_msgs_generate_messages_cpp
[  0%] [  0%] [  0%] Built target geometry_msgs_generate_messages_lisp
Built target ublox_msgs_generate_messages_lisp
Built target sensor_msgs_generate_messages_lisp
[  0%] Built target sensor_msgs_generate_messages_py
[  0%] Built target roscpp_generate_messages_cpp
[  0%] [  0%] Built target rosgraph_msgs_generate_messages_lisp
Built target nodelet_generate_messages_cpp
[  0%] [  0%] Built target roscpp_generate_messages_py
Built target roscpp_generate_messages_lisp
[  0%] [  0%] Built target std_msgs_generate_messages_cpp
Built target std_msgs_generate_messages_lisp
[  0%] Built target sensor_msgs_generate_messages_cpp
[  0%] Built target std_msgs_generate_messages_py
[  0%] Built target nodelet_generate_messages_py
[  0%] [  0%] Built target bond_generate_messages_cpp
Built target rosgraph_msgs_generate_messages_py
[  0%] [  0%] [  0%] Built target bond_generate_messages_lisp
Built target bond_generate_messages_py
Built target geometry_msgs_generate_messages_cpp
[  0%] [  0%] Built target ublox_msgs_generate_messages_cpp
Built target geometry_msgs_generate_messages_py
[100%] Built target rqt_rover_gui
