[35m[1mScanning dependencies of target nodelet_generate_messages_py
[0m[35m[1mScanning dependencies of target nodelet_generate_messages_cpp
[35m[1mScanning dependencies of target geometry_msgs_generate_messages_py
[35m[1mScanning dependencies of target geometry_msgs_generate_messages_lisp
[0m[0m[0m[35m[1mScanning dependencies of target nodelet_generate_messages_lisp
[0m[35m[1mScanning dependencies of target ublox_msgs_generate_messages_py
[0m[35m[1mScanning dependencies of target std_msgs_generate_messages_py
[  0%] [0mBuilt target geometry_msgs_generate_messages_py
[  0%] [  0%] Built target nodelet_generate_messages_py
[  0%] Built target nodelet_generate_messages_cpp
Built target geometry_msgs_generate_messages_lisp
[  0%] [  0%] Built target nodelet_generate_messages_lisp
Built target ublox_msgs_generate_messages_py
[  0%] [35m[1mScanning dependencies of target rosgraph_msgs_generate_messages_py
[0mBuilt target std_msgs_generate_messages_py
[35m[1mScanning dependencies of target rosgraph_msgs_generate_messages_cpp
[0m[35m[1mScanning dependencies of target std_msgs_generate_messages_lisp
[0m[35m[1mScanning dependencies of target geometry_msgs_generate_messages_cpp
[0m[35m[1mScanning dependencies of target ublox_msgs_generate_messages_lisp
[0m[35m[1mScanning dependencies of target bond_generate_messages_cpp
[0m[  0%] [  0%] [35m[1mScanning dependencies of target bond_generate_messages_lisp
[  0%] [0mBuilt target rosgraph_msgs_generate_messages_py
Built target rosgraph_msgs_generate_messages_cpp
Built target std_msgs_generate_messages_lisp
[  0%] Built target geometry_msgs_generate_messages_cpp
[  0%] [  0%] [  0%] [35m[1mScanning dependencies of target sensor_msgs_generate_messages_py
[35m[1mScanning dependencies of target bond_generate_messages_py
Built target bond_generate_messages_cpp
[0m[0mBuilt target ublox_msgs_generate_messages_lisp
Built target bond_generate_messages_lisp
[35m[1mScanning dependencies of target rosgraph_msgs_generate_messages_lisp
[0m[35m[1mScanning dependencies of target roscpp_generate_messages_lisp
[0m[  0%] [35m[1mScanning dependencies of target sensor_msgs_generate_messages_cpp
[0mBuilt target sensor_msgs_generate_messages_py
[35m[1mScanning dependencies of target roscpp_generate_messages_cpp
[0m[  0%] [  0%] Built target rosgraph_msgs_generate_messages_lisp
[35m[1mScanning dependencies of target ublox_msgs_generate_messages_cpp
Built target bond_generate_messages_py
[0m[  0%] Built target roscpp_generate_messages_lisp
[  0%] [  0%] Built target roscpp_generate_messages_cpp
Built target sensor_msgs_generate_messages_cpp
[  0%] [35m[1mScanning dependencies of target sensor_msgs_generate_messages_lisp
[35m[1mScanning dependencies of target roscpp_generate_messages_py
Built target ublox_msgs_generate_messages_cpp
[0m[0m[35m[1mScanning dependencies of target std_msgs_generate_messages_cpp
[0m[  0%] [  0%] Built target sensor_msgs_generate_messages_lisp
Built target roscpp_generate_messages_py
[  0%] Built target std_msgs_generate_messages_cpp
[  3%] [ 14%] [ 14%] [ 14%] [ 18%] [ 22%] [ 25%] [34m[1mGenerating qrc_resources.cxx
[34m[1mGenerating ui_rover_gui_plugin.h
[0m[0m[34m[1mGenerating src/moc_rover_gui_plugin.cxx
[0m[34m[1mGenerating src/moc_MapFrame.cxx
[0m[34m[1mGenerating src/moc_USFrame.cxx
[0m[34m[1mGenerating src/moc_CameraFrame.cxx
[0m[34m[1mGenerating src/moc_GPSFrame.cxx
[0m[ 29%] [ 33%] [34m[1mGenerating src/moc_JoystickGripperInterface.cxx
[34m[1mGenerating src/moc_IMUFrame.cxx
[0m[0m[35m[1mScanning dependencies of target rqt_rover_gui
[0m[ 40%] [ 40%] [ 44%] [32mBuilding CXX object CMakeFiles/rqt_rover_gui.dir/Version.cpp.o
[32mBuilding CXX object CMakeFiles/rqt_rover_gui.dir/src/GazeboSimManager.cpp.o
[0m[0m[ 48%] [32mBuilding CXX object CMakeFiles/rqt_rover_gui.dir/src/JoystickGripperInterface.cpp.o
[0m[ 51%] [ 55%] [ 59%] [32mBuilding CXX object CMakeFiles/rqt_rover_gui.dir/src/CameraFrame.cpp.o
[0m[32mBuilding CXX object CMakeFiles/rqt_rover_gui.dir/src/rover_gui_plugin.cpp.o
[0m[32mBuilding CXX object CMakeFiles/rqt_rover_gui.dir/src/MapFrame.cpp.o
[0m[32mBuilding CXX object CMakeFiles/rqt_rover_gui.dir/src/USFrame.cpp.o
[0m[ 62%] [32mBuilding CXX object CMakeFiles/rqt_rover_gui.dir/src/GPSFrame.cpp.o
[0m[ 66%] [32mBuilding CXX object CMakeFiles/rqt_rover_gui.dir/src/MapData.cpp.o
[0m[ 70%] [32mBuilding CXX object CMakeFiles/rqt_rover_gui.dir/src/IMUFrame.cpp.o
[0m[ 74%] [32mBuilding CXX object CMakeFiles/rqt_rover_gui.dir/src/BWTabWidget.cpp.o
[0m[ 77%] [32mBuilding CXX object CMakeFiles/rqt_rover_gui.dir/src/moc_rover_gui_plugin.cxx.o
[0m[ 81%] [32mBuilding CXX object CMakeFiles/rqt_rover_gui.dir/src/moc_CameraFrame.cxx.o
[0m[ 85%] [32mBuilding CXX object CMakeFiles/rqt_rover_gui.dir/src/moc_MapFrame.cxx.o
[0m[ 88%] [32mBuilding CXX object CMakeFiles/rqt_rover_gui.dir/src/moc_USFrame.cxx.o
[0m[ 92%] [32mBuilding CXX object CMakeFiles/rqt_rover_gui.dir/src/moc_GPSFrame.cxx.o
[0m[ 96%] [32mBuilding CXX object CMakeFiles/rqt_rover_gui.dir/src/moc_IMUFrame.cxx.o
[0m[100%] [32mBuilding CXX object CMakeFiles/rqt_rover_gui.dir/src/moc_JoystickGripperInterface.cxx.o
[0m[31m[1mLinking CXX shared library /home/steven/rover_workspace/devel/lib/librqt_rover_gui.so
[0m[100%] Built target rqt_rover_gui
