[35m[1mScanning dependencies of target rosgraph_msgs_generate_messages_cpp
[35m[1mScanning dependencies of target roscpp_generate_messages_lisp
[35m[1mScanning dependencies of target sensor_msgs_generate_messages_lisp
[0m[0m[35m[1mScanning dependencies of target roscpp_generate_messages_py
[35m[1mScanning dependencies of target geometry_msgs_generate_messages_cpp
[0m[0m[0m[35m[1mScanning dependencies of target roscpp_generate_messages_cpp
[0m[  0%] [  0%] [35m[1mScanning dependencies of target ublox_msgs_generate_messages_lisp
[  0%] [0m[  0%] Built target rosgraph_msgs_generate_messages_cpp
Built target sensor_msgs_generate_messages_lisp
Built target roscpp_generate_messages_py
Built target roscpp_generate_messages_lisp
[  0%] [  0%] [  0%] [35m[1mScanning dependencies of target rosgraph_msgs_generate_messages_py
Built target geometry_msgs_generate_messages_cpp
[0m[35m[1mScanning dependencies of target diagnostic_msgs_generate_messages_lisp
Built target ublox_msgs_generate_messages_lisp
[0mBuilt target roscpp_generate_messages_cpp
[35m[1mScanning dependencies of target diagnostic_msgs_generate_messages_py
[0m[35m[1mScanning dependencies of target std_msgs_generate_messages_cpp
[0m[35m[1mScanning dependencies of target std_msgs_generate_messages_lisp
[0m[35m[1mScanning dependencies of target sensor_msgs_generate_messages_py
[  0%] [0m[  0%] Built target diagnostic_msgs_generate_messages_lisp
Built target rosgraph_msgs_generate_messages_py
[35m[1mScanning dependencies of target diagnostic_msgs_generate_messages_cpp
[0m[  0%] [  0%] [  0%] [  0%] Built target std_msgs_generate_messages_lisp
Built target diagnostic_msgs_generate_messages_py
[  0%] [35m[1mScanning dependencies of target geometry_msgs_generate_messages_lisp
Built target std_msgs_generate_messages_cpp
[0mBuilt target sensor_msgs_generate_messages_py
Built target diagnostic_msgs_generate_messages_cpp
[35m[1mScanning dependencies of target ublox_msgs_generate_messages_py
[0m[35m[1mScanning dependencies of target sensor_msgs_generate_messages_cpp
[35m[1mScanning dependencies of target geometry_msgs_generate_messages_py
[0m[35m[1mScanning dependencies of target rosgraph_msgs_generate_messages_lisp
[  0%] [0m[0m[  0%] Built target geometry_msgs_generate_messages_lisp
Built target ublox_msgs_generate_messages_py
[35m[1mScanning dependencies of target ublox_msgs_generate_messages_cpp
[  0%] [0m[  0%] [  0%] Built target rosgraph_msgs_generate_messages_lisp
[35m[1mScanning dependencies of target std_msgs_generate_messages_py
Built target sensor_msgs_generate_messages_cpp
Built target geometry_msgs_generate_messages_py
[0m[  0%] Built target ublox_msgs_generate_messages_cpp
[  0%] Built target std_msgs_generate_messages_py
[35m[1mScanning dependencies of target ublox_gps
[0m[ 50%] [32mBuilding CXX object CMakeFiles/ublox_gps.dir/src/gps.cpp.o
[0m[31m[1mLinking CXX shared library /home/steven/rover_workspace/devel/lib/libublox_gps.so
[0m[ 50%] Built target ublox_gps
[35m[1mScanning dependencies of target ublox_gps_node
[0m[100%] [32mBuilding CXX object CMakeFiles/ublox_gps_node.dir/src/node.cpp.o
[0m[31m[1mLinking CXX executable /home/steven/rover_workspace/devel/lib/ublox_gps/ublox_gps
[0m[100%] Built target ublox_gps_node
