[  0%] Built target sensor_msgs_generate_messages_py
[  0%] Built target std_msgs_generate_messages_py
[  0%] Built target _ublox_msgs_generate_messages_check_deps_NavSBAS
[  0%] Built target _ublox_msgs_generate_messages_check_deps_AidALM
[  0%] [  0%] Built target _ublox_msgs_generate_messages_check_deps_NavSTATUS
Built target _ublox_msgs_generate_messages_check_deps_CfgNAV5
[  0%] [  0%] [  0%] Built target _ublox_msgs_generate_messages_check_deps_CfgPRT
Built target _ublox_msgs_generate_messages_check_deps_CfgANT
Built target _ublox_msgs_generate_messages_check_deps_CfgRATE
[  0%] [  0%] Built target _ublox_msgs_generate_messages_check_deps_RxmSVSI
Built target _ublox_msgs_generate_messages_check_deps_RxmSVSI_SV
[  0%] [  0%] [  0%] Built target _ublox_msgs_generate_messages_check_deps_NavPOSLLH
Built target _ublox_msgs_generate_messages_check_deps_NavSOL
Built target _ublox_msgs_generate_messages_check_deps_CfgGNSS
[  0%] [  0%] Built target _ublox_msgs_generate_messages_check_deps_NavCLOCK
Built target _ublox_msgs_generate_messages_check_deps_NavSVINFO
[  0%] [  0%] [  0%] [  0%] Built target _ublox_msgs_generate_messages_check_deps_NavDOP
Built target _ublox_msgs_generate_messages_check_deps_CfgNAVX5
Built target _ublox_msgs_generate_messages_check_deps_RxmALM
Built target _ublox_msgs_generate_messages_check_deps_RxmRAW_SV
[  0%] [  0%] [  0%] Built target _ublox_msgs_generate_messages_check_deps_RxmEPH
Built target _ublox_msgs_generate_messages_check_deps_NavDGPS_SV
Built target _ublox_msgs_generate_messages_check_deps_NavVELECEF
[  0%] Built target _ublox_msgs_generate_messages_check_deps_AidEPH
[  0%] [  0%] Built target _ublox_msgs_generate_messages_check_deps_MonVER
Built target _ublox_msgs_generate_messages_check_deps_NavDGPS
[  0%] Built target _ublox_msgs_generate_messages_check_deps_CfgSBAS
[  0%] [  0%] Built target _ublox_msgs_generate_messages_check_deps_NavTIMEGPS
Built target _ublox_msgs_generate_messages_check_deps_NavPOSECEF
[  0%] Built target _ublox_msgs_generate_messages_check_deps_RxmSFRB
[  0%] Built target _ublox_msgs_generate_messages_check_deps_CfgCFG
[  0%] [  0%] Built target _ublox_msgs_generate_messages_check_deps_NavTIMEUTC
Built target _ublox_msgs_generate_messages_check_deps_NavSVINFO_SV
[  0%] Built target _ublox_msgs_generate_messages_check_deps_CfgMSG
[  0%] [  0%] Built target _ublox_msgs_generate_messages_check_deps_NavSBAS_SV
Built target _ublox_msgs_generate_messages_check_deps_AidHUI
[  0%] [  0%] [  0%] [  0%] Built target sensor_msgs_generate_messages_cpp
Built target geometry_msgs_generate_messages_lisp
Built target geometry_msgs_generate_messages_cpp
Built target geometry_msgs_generate_messages_py
[  0%] Built target sensor_msgs_generate_messages_lisp
[  0%] [  0%] Built target _ublox_msgs_generate_messages_check_deps_NavVELNED
[  0%] Built target rosgraph_msgs_generate_messages_py
Built target _catkin_empty_exported_target
[  0%] Built target rosgraph_msgs_generate_messages_cpp
[  0%] [  0%] [  0%] Built target _ublox_msgs_generate_messages_check_deps_RxmRAW
Built target std_msgs_generate_messages_cpp
Built target roscpp_generate_messages_cpp
[  0%] [  0%] Built target std_msgs_generate_messages_lisp
Built target roscpp_generate_messages_lisp
[  3%] [ 34%] Built target ublox_msgs_generate_messages_py
Built target roscpp_generate_messages_py
[ 34%] Built target rosgraph_msgs_generate_messages_lisp
[ 66%] Built target ublox_msgs_generate_messages_cpp
[ 98%] Built target ublox_msgs_generate_messages_lisp
[ 98%] Built target ublox_msgs_generate_messages
[100%] Built target ublox_msgs
