[  0%] [  0%] Built target sensor_msgs_generate_messages_py
Built target std_msgs_generate_messages_py
[  0%] Built target _ublox_msgs_generate_messages_check_deps_NavSBAS
[  0%] [  0%] Built target _ublox_msgs_generate_messages_check_deps_CfgPRT
Built target _ublox_msgs_generate_messages_check_deps_AidALM
[  0%] Built target _ublox_msgs_generate_messages_check_deps_NavSTATUS
[  0%] [  0%] [  0%] Built target _ublox_msgs_generate_messages_check_deps_CfgRATE
Built target _ublox_msgs_generate_messages_check_deps_CfgANT
Built target _ublox_msgs_generate_messages_check_deps_CfgNAV5
[  0%] [  0%] Built target _ublox_msgs_generate_messages_check_deps_RxmSVSI
Built target _ublox_msgs_generate_messages_check_deps_RxmSVSI_SV
[  0%] Built target _ublox_msgs_generate_messages_check_deps_NavSOL
[  0%] Built target _ublox_msgs_generate_messages_check_deps_CfgGNSS
[  0%] [  0%] Built target _ublox_msgs_generate_messages_check_deps_NavSVINFO
Built target _ublox_msgs_generate_messages_check_deps_NavCLOCK
[  0%] Built target _ublox_msgs_generate_messages_check_deps_NavPOSLLH
[  0%] [  0%] [  0%] Built target _ublox_msgs_generate_messages_check_deps_CfgNAVX5
Built target _ublox_msgs_generate_messages_check_deps_RxmRAW_SV
Built target _ublox_msgs_generate_messages_check_deps_NavDOP
[  0%] Built target _ublox_msgs_generate_messages_check_deps_NavDGPS_SV
[  0%] Built target _ublox_msgs_generate_messages_check_deps_RxmEPH
[  0%] Built target _ublox_msgs_generate_messages_check_deps_RxmALM
[  0%] Built target _ublox_msgs_generate_messages_check_deps_NavVELECEF
[  0%] Built target _ublox_msgs_generate_messages_check_deps_MonVER
[  0%] Built target _ublox_msgs_generate_messages_check_deps_AidEPH
[  0%] [  0%] [  0%] [  0%] Built target _ublox_msgs_generate_messages_check_deps_NavDGPS
Built target _ublox_msgs_generate_messages_check_deps_NavPOSECEF
Built target _ublox_msgs_generate_messages_check_deps_NavTIMEGPS
Built target _ublox_msgs_generate_messages_check_deps_CfgSBAS
[  0%] Built target _ublox_msgs_generate_messages_check_deps_RxmSFRB
[  0%] Built target _ublox_msgs_generate_messages_check_deps_CfgCFG
[  0%] Built target _ublox_msgs_generate_messages_check_deps_NavTIMEUTC
[  0%] [  0%] Built target _ublox_msgs_generate_messages_check_deps_NavSBAS_SV
Built target _ublox_msgs_generate_messages_check_deps_AidHUI
[  0%] Built target _ublox_msgs_generate_messages_check_deps_NavSVINFO_SV
[  0%] Built target _ublox_msgs_generate_messages_check_deps_CfgMSG
[  0%] [  0%] Built target sensor_msgs_generate_messages_cpp
Built target geometry_msgs_generate_messages_lisp
[  0%] [  0%] [  0%] Built target geometry_msgs_generate_messages_py
Built target geometry_msgs_generate_messages_cpp
Built target sensor_msgs_generate_messages_lisp
[  0%] Built target _ublox_msgs_generate_messages_check_deps_NavVELNED
[  0%] Built target _catkin_empty_exported_target
[  0%] [  0%] [  0%] Built target roscpp_generate_messages_cpp
Built target _ublox_msgs_generate_messages_check_deps_RxmRAW
Built target rosgraph_msgs_generate_messages_py
[  0%] Built target rosgraph_msgs_generate_messages_cpp
[  0%] Built target std_msgs_generate_messages_cpp
[  0%] Built target std_msgs_generate_messages_lisp
[  0%] Built target roscpp_generate_messages_lisp
[  0%] [  0%] Built target roscpp_generate_messages_py
Built target rosgraph_msgs_generate_messages_lisp
[ 34%] Built target ublox_msgs_generate_messages_py
[ 66%] Built target ublox_msgs_generate_messages_cpp
[ 98%] Built target ublox_msgs_generate_messages_lisp
[ 98%] Built target ublox_msgs_generate_messages
[100%] Built target ublox_msgs
