[  0%] Built target sensor_msgs_generate_messages_py
[  0%] Built target std_msgs_generate_messages_py
[  0%] Built target _ublox_msgs_generate_messages_check_deps_NavSBAS
[  0%] [  0%] Built target _ublox_msgs_generate_messages_check_deps_AidALM
Built target _ublox_msgs_generate_messages_check_deps_NavSVINFO
[  0%] Built target _ublox_msgs_generate_messages_check_deps_CfgPRT
[  0%] Built target _ublox_msgs_generate_messages_check_deps_NavPOSLLH
[  0%] [  0%] Built target _ublox_msgs_generate_messages_check_deps_CfgNAV5
Built target _ublox_msgs_generate_messages_check_deps_NavSTATUS
[  0%] Built target _ublox_msgs_generate_messages_check_deps_CfgRATE
[  0%] Built target _ublox_msgs_generate_messages_check_deps_NavSOL
[  0%] Built target _ublox_msgs_generate_messages_check_deps_CfgANT
[  0%] [  0%] Built target _ublox_msgs_generate_messages_check_deps_RxmSVSI_SV
Built target _ublox_msgs_generate_messages_check_deps_NavCLOCK
[  0%] Built target _ublox_msgs_generate_messages_check_deps_RxmSVSI
[  0%] Built target _ublox_msgs_generate_messages_check_deps_CfgNAVX5
[  0%] Built target _ublox_msgs_generate_messages_check_deps_NavDOP
[  0%] [  0%] Built target _ublox_msgs_generate_messages_check_deps_RxmALM
[  0%] [  0%] Built target _ublox_msgs_generate_messages_check_deps_CfgGNSS
Built target _ublox_msgs_generate_messages_check_deps_RxmEPH
Built target _ublox_msgs_generate_messages_check_deps_RxmRAW_SV
[  0%] Built target _ublox_msgs_generate_messages_check_deps_NavDGPS_SV
[  0%] Built target _ublox_msgs_generate_messages_check_deps_NavVELECEF
[  0%] [  0%] Built target _ublox_msgs_generate_messages_check_deps_AidEPH
[  0%] [  0%] [  0%] Built target _ublox_msgs_generate_messages_check_deps_MonVER
Built target _ublox_msgs_generate_messages_check_deps_NavDGPS
Built target _ublox_msgs_generate_messages_check_deps_CfgSBAS
Built target _ublox_msgs_generate_messages_check_deps_NavPOSECEF
[  0%] Built target _ublox_msgs_generate_messages_check_deps_NavTIMEGPS
[  0%] [  0%] Built target _ublox_msgs_generate_messages_check_deps_NavSVINFO_SV
Built target _ublox_msgs_generate_messages_check_deps_CfgCFG
[  0%] Built target _ublox_msgs_generate_messages_check_deps_NavTIMEUTC
[  0%] Built target _ublox_msgs_generate_messages_check_deps_CfgMSG
[  0%] [  0%] Built target _ublox_msgs_generate_messages_check_deps_RxmSFRB
Built target _ublox_msgs_generate_messages_check_deps_NavSBAS_SV
[  0%] [  0%] Built target geometry_msgs_generate_messages_lisp
Built target _ublox_msgs_generate_messages_check_deps_RxmRAW
[  0%] Built target _ublox_msgs_generate_messages_check_deps_AidHUI
[  0%] Built target _ublox_msgs_generate_messages_check_deps_NavVELNED
[  0%] [  0%] [  0%] Built target roscpp_generate_messages_lisp
Built target roscpp_generate_messages_py
[  0%] Built target sensor_msgs_generate_messages_lisp
Built target sensor_msgs_generate_messages_cpp
[  0%] Built target _catkin_empty_exported_target
[  0%] [  0%] Built target roscpp_generate_messages_cpp
Built target rosgraph_msgs_generate_messages_py
[  0%] Built target std_msgs_generate_messages_lisp
[  0%] [  0%] [  0%] Built target std_msgs_generate_messages_cpp
Built target rosgraph_msgs_generate_messages_lisp
Built target rosgraph_msgs_generate_messages_cpp
[  0%] Built target geometry_msgs_generate_messages_cpp
[ 34%] Built target ublox_msgs_generate_messages_py
[ 34%] Built target geometry_msgs_generate_messages_py
[ 66%] [ 98%] Built target ublox_msgs_generate_messages_cpp
Built target ublox_msgs_generate_messages_lisp
[100%] Built target ublox_msgs
[100%] Built target ublox_msgs_generate_messages
