
(firefox:10741): GLib-GObject-CRITICAL **: g_object_ref: assertion 'object->ref_count > 0' failed

(firefox:10741): GLib-GObject-CRITICAL **: g_object_unref: assertion 'object->ref_count > 0' failed

(firefox:10741): GLib-GObject-CRITICAL **: g_object_ref: assertion 'object->ref_count > 0' failed

(firefox:10741): GLib-GObject-CRITICAL **: g_object_unref: assertion 'object->ref_count > 0' failed

(firefox:10741): GLib-GObject-CRITICAL **: g_object_ref: assertion 'object->ref_count > 0' failed

(firefox:10741): GLib-GObject-CRITICAL **: g_object_unref: assertion 'object->ref_count > 0' failed

(nautilus:10825): Gtk-WARNING **: Failed to register client: GDBus.Error:org.freedesktop.DBus.Error.ServiceUnknown: The name org.gnome.SessionManager was not provided by any .service files
Nautilus-Share-Message: Called "net usershare info" but it failed: 'net usershare' returned error 255: net usershare: cannot open usershare directory /var/lib/samba/usershares. Error No such file or directory
Please ask your system administrator to enable user sharing.

Starting process:  "/usr/bin/cmake" "--help" 
Starting process:  "/usr/bin/cmake" "--help-command-list" 
Starting process:  "/usr/bin/cmake" "--help-commands" 
Starting process:  "/usr/bin/cmake" "--help-property-list" 
Starting process:  "/usr/bin/cmake" "--help-variable-list" 
Starting process:  "/usr/bin/cmake" "--help" 
Starting process:  "/usr/bin/cmake" "--help-command-list" 
Starting process:  "/usr/bin/cmake" "--help-commands" 
Starting process:  "/usr/bin/cmake" "--help-property-list" 
Starting process:  "/usr/bin/cmake" "--help-variable-list" 
Nautilus-Share-Message: Called "net usershare info" but it failed: 'net usershare' returned error 255: net usershare: cannot open usershare directory /var/lib/samba/usershares. Error No such file or directory
Please ask your system administrator to enable user sharing.

Nautilus-Share-Message: Called "net usershare info" but it failed: 'net usershare' returned error 255: net usershare: cannot open usershare directory /var/lib/samba/usershares. Error No such file or directory
Please ask your system administrator to enable user sharing.


(gedit:12008): Gtk-WARNING **: Calling Inhibit failed: GDBus.Error:org.freedesktop.DBus.Error.ServiceUnknown: The name org.gnome.SessionManager was not provided by any .service files
Starting process:  "/usr/bin/cmake" "--help" 
Starting process:  "/usr/bin/cmake" "--help-command-list" 
Starting process:  "/usr/bin/cmake" "--help-commands" 
Starting process:  "/usr/bin/cmake" "--help-property-list" 
Starting process:  "/usr/bin/cmake" "--help-variable-list" 

(nautilus:10825): Gdk-WARNING **: nautilus: Fatal IO error 11 (Resource temporarily unavailable) on X server :0.


(nautilus:6338): Gtk-WARNING **: Failed to register client: GDBus.Error:org.freedesktop.DBus.Error.ServiceUnknown: The name org.gnome.SessionManager was not provided by any .service files
Nautilus-Share-Message: Called "net usershare info" but it failed: 'net usershare' returned error 255: net usershare: cannot open usershare directory /var/lib/samba/usershares. Error No such file or directory
Please ask your system administrator to enable user sharing.

Starting process:  "/usr/bin/cmake" "--help" 
Starting process:  "/usr/bin/cmake" "--help-command-list" 
Starting process:  "/usr/bin/cmake" "--help-commands" 
Starting process:  "/usr/bin/cmake" "--help-property-list" 
Starting process:  "/usr/bin/cmake" "--help-variable-list" 

(firefox:8170): GLib-GObject-CRITICAL **: g_object_ref: assertion 'object->ref_count > 0' failed

(firefox:8170): GLib-GObject-CRITICAL **: g_object_unref: assertion 'object->ref_count > 0' failed

(firefox:8170): GLib-GObject-CRITICAL **: g_object_ref: assertion 'object->ref_count > 0' failed

(firefox:8170): GLib-GObject-CRITICAL **: g_object_unref: assertion 'object->ref_count > 0' failed
1489008152492	addons.xpi	WARN	Exception running bootstrap method shutdown on aushelper@mozilla.org: [Exception... "Component returned failure code: 0x80004005 (NS_ERROR_FAILURE) [nsIObserverService.removeObserver]"  nsresult: "0x80004005 (NS_ERROR_FAILURE)"  location: "JS frame :: resource://gre/modules/addons/XPIProvider.jsm -> jar:file:///home/steven/.mozilla/firefox/pquo6hl7.default/features/%7B7c8666f7-85a0-4d07-9b0a-86a317f88812%7D/aushelper@mozilla.org.xpi!/bootstrap.js :: shutdown :: line 196"  data: no] Stack trace: shutdown()@resource://gre/modules/addons/XPIProvider.jsm -> jar:file:///home/steven/.mozilla/firefox/pquo6hl7.default/features/%7B7c8666f7-85a0-4d07-9b0a-86a317f88812%7D/aushelper@mozilla.org.xpi!/bootstrap.js:196 < this.XPIProvider.callBootstrapMethod()@resource://gre/modules/addons/XPIProvider.jsm:4944 < this.XPIProvider.startup/<.observe()@resource://gre/modules/addons/XPIProvider.jsm:2907

(firefox:8170): GLib-GObject-CRITICAL **: g_object_ref: assertion 'object->ref_count > 0' failed

(firefox:8170): GLib-GObject-CRITICAL **: g_object_unref: assertion 'object->ref_count > 0' failed

(nautilus:6338): Gdk-WARNING **: nautilus: Fatal IO error 11 (Resource temporarily unavailable) on X server :0.

