[  0%] [  0%] Built target gazebo_ros_gencfg
[  0%] Built target dynamic_reconfigure_generate_messages_lisp
Built target rosgraph_msgs_generate_messages_cpp
[  0%] Built target geometry_msgs_generate_messages_cpp
[  0%] [  0%] Built target geometry_msgs_generate_messages_lisp
Built target roscpp_generate_messages_cpp
[  0%] Built target tf_generate_messages_cpp
[  0%] Built target gazebo_msgs_generate_messages_lisp
[  0%] Built target std_msgs_generate_messages_cpp
[  0%] Built target rosgraph_msgs_generate_messages_lisp
[  0%] Built target std_srvs_generate_messages_py
[  0%] Built target tf_generate_messages_lisp
[  0%] Built target tf_generate_messages_py
[  0%] Built target trajectory_msgs_generate_messages_py
[  0%] Built target actionlib_generate_messages_cpp
[  0%] Built target sensor_msgs_generate_messages_cpp
[  0%] Built target dynamic_reconfigure_generate_messages_cpp
[  0%] Built target dynamic_reconfigure_generate_messages_py
[  0%] Built target sensor_msgs_generate_messages_lisp
[  0%] [  0%] Built target sensor_msgs_generate_messages_py
[  0%] Built target trajectory_msgs_generate_messages_lisp
Built target actionlib_generate_messages_lisp
[  0%] Built target tf2_msgs_generate_messages_lisp
[  0%] [  0%] [  0%] Built target tf2_msgs_generate_messages_py
Built target actionlib_generate_messages_py
Built target std_srvs_generate_messages_lisp
[  0%] Built target rosgraph_msgs_generate_messages_py
[  0%] [  0%] [  0%] [  0%] Built target std_srvs_generate_messages_cpp
Built target geometry_msgs_generate_messages_py
Built target roscpp_generate_messages_py
Built target roscpp_generate_messages_lisp
[  0%] Built target std_msgs_generate_messages_lisp
[  0%] [  0%] [  0%] Built target dynamic_reconfigure_gencfg
Built target actionlib_msgs_generate_messages_cpp
Built target gazebo_msgs_generate_messages_py
[  0%] Built target std_msgs_generate_messages_py
[  0%] Built target actionlib_msgs_generate_messages_lisp
[  0%] Built target actionlib_msgs_generate_messages_py
[  0%] Built target gazebo_msgs_generate_messages_cpp
[  0%] Built target trajectory_msgs_generate_messages_cpp
[  0%] Built target tf2_msgs_generate_messages_cpp
[100%] Built target diagnostics
