[35m[1mScanning dependencies of target dynamic_reconfigure_generate_messages_py
[0m[  0%] Built target dynamic_reconfigure_generate_messages_py
[35m[1mScanning dependencies of target geometry_msgs_generate_messages_cpp
[0m[  0%] Built target geometry_msgs_generate_messages_cpp
[35m[1mScanning dependencies of target roscpp_generate_messages_py
[0m[  0%] Built target roscpp_generate_messages_py
[35m[1mScanning dependencies of target roscpp_generate_messages_cpp
[0m[  0%] Built target roscpp_generate_messages_cpp
[35m[1mScanning dependencies of target roscpp_generate_messages_lisp
[0m[  0%] Built target roscpp_generate_messages_lisp
[35m[1mScanning dependencies of target std_srvs_generate_messages_lisp
[0m[  0%] Built target std_srvs_generate_messages_lisp
[35m[1mScanning dependencies of target rosgraph_msgs_generate_messages_py
[0m[  0%] Built target rosgraph_msgs_generate_messages_py
[35m[1mScanning dependencies of target rosgraph_msgs_generate_messages_cpp
[0m[  0%] Built target rosgraph_msgs_generate_messages_cpp
[35m[1mScanning dependencies of target std_srvs_generate_messages_cpp
[0m[  0%] Built target std_srvs_generate_messages_cpp
[35m[1mScanning dependencies of target gazebo_msgs_generate_messages_lisp
[0m[  0%] Built target gazebo_msgs_generate_messages_lisp
[35m[1mScanning dependencies of target std_msgs_generate_messages_cpp
[0m[  0%] Built target std_msgs_generate_messages_cpp
[35m[1mScanning dependencies of target dynamic_reconfigure_gencfg
[0m[  0%] Built target dynamic_reconfigure_gencfg
[35m[1mScanning dependencies of target sensor_msgs_generate_messages_cpp
[0m[  0%] Built target sensor_msgs_generate_messages_cpp
[35m[1mScanning dependencies of target trajectory_msgs_generate_messages_cpp
[0m[  0%] Built target trajectory_msgs_generate_messages_cpp
[35m[1mScanning dependencies of target actionlib_generate_messages_cpp
[0m[  0%] Built target actionlib_generate_messages_cpp
[35m[1mScanning dependencies of target sensor_msgs_generate_messages_lisp
[0m[  0%] Built target sensor_msgs_generate_messages_lisp
[35m[1mScanning dependencies of target sensor_msgs_generate_messages_py
[0m[  0%] Built target sensor_msgs_generate_messages_py
[35m[1mScanning dependencies of target dynamic_reconfigure_generate_messages_cpp
[0m[  0%] Built target dynamic_reconfigure_generate_messages_cpp
[35m[1mScanning dependencies of target trajectory_msgs_generate_messages_py
[0m[  0%] Built target trajectory_msgs_generate_messages_py
[35m[1mScanning dependencies of target actionlib_generate_messages_py
[0m[  0%] Built target actionlib_generate_messages_py
[35m[1mScanning dependencies of target tf2_msgs_generate_messages_lisp
[0m[  0%] Built target tf2_msgs_generate_messages_lisp
[35m[1mScanning dependencies of target tf2_msgs_generate_messages_cpp
[0m[  0%] Built target tf2_msgs_generate_messages_cpp
[35m[1mScanning dependencies of target std_msgs_generate_messages_lisp
[0m[  0%] Built target std_msgs_generate_messages_lisp
[35m[1mScanning dependencies of target std_msgs_generate_messages_py
[0m[  0%] Built target std_msgs_generate_messages_py
[35m[1mScanning dependencies of target gazebo_ros_gencfg
[0m[  0%] Built target gazebo_ros_gencfg
[35m[1mScanning dependencies of target geometry_msgs_generate_messages_py
[0m[  0%] Built target geometry_msgs_generate_messages_py
[35m[1mScanning dependencies of target actionlib_generate_messages_lisp
[0m[  0%] Built target actionlib_generate_messages_lisp
[35m[1mScanning dependencies of target geometry_msgs_generate_messages_lisp
[0m[  0%] Built target geometry_msgs_generate_messages_lisp
[35m[1mScanning dependencies of target rosgraph_msgs_generate_messages_lisp
[0m[  0%] Built target rosgraph_msgs_generate_messages_lisp
[35m[1mScanning dependencies of target std_srvs_generate_messages_py
[0m[  0%] Built target std_srvs_generate_messages_py
[35m[1mScanning dependencies of target tf_generate_messages_cpp
[0m[  0%] Built target tf_generate_messages_cpp
[35m[1mScanning dependencies of target tf_generate_messages_lisp
[0m[  0%] Built target tf_generate_messages_lisp
[35m[1mScanning dependencies of target tf_generate_messages_py
[0m[  0%] Built target tf_generate_messages_py
[35m[1mScanning dependencies of target actionlib_msgs_generate_messages_cpp
[0m[  0%] Built target actionlib_msgs_generate_messages_cpp
[35m[1mScanning dependencies of target gazebo_msgs_generate_messages_py
[0m[  0%] Built target gazebo_msgs_generate_messages_py
[35m[1mScanning dependencies of target actionlib_msgs_generate_messages_lisp
[0m[  0%] Built target actionlib_msgs_generate_messages_lisp
[35m[1mScanning dependencies of target actionlib_msgs_generate_messages_py
[0m[  0%] Built target actionlib_msgs_generate_messages_py
[35m[1mScanning dependencies of target trajectory_msgs_generate_messages_lisp
[0m[  0%] Built target trajectory_msgs_generate_messages_lisp
[35m[1mScanning dependencies of target dynamic_reconfigure_generate_messages_lisp
[0m[  0%] Built target dynamic_reconfigure_generate_messages_lisp
[35m[1mScanning dependencies of target tf2_msgs_generate_messages_py
[0m[  0%] Built target tf2_msgs_generate_messages_py
[35m[1mScanning dependencies of target gazebo_msgs_generate_messages_cpp
[0m[  0%] Built target gazebo_msgs_generate_messages_cpp
[35m[1mScanning dependencies of target diagnostics
[0m[ 33%] [32mBuilding CXX object CMakeFiles/diagnostics.dir/src/driver.cpp.o
[0m[ 66%] [32mBuilding CXX object CMakeFiles/diagnostics.dir/src/Diagnostics.cpp.o
[0m[100%] [32mBuilding CXX object CMakeFiles/diagnostics.dir/src/WirelessDiags.cpp.o
[0m[31m[1mLinking CXX executable /home/steven/rover_workspace/devel/lib/diagnostics/diagnostics
[0m[100%] Built target diagnostics
